<?xml version="1.0" encoding="UTF-8"?>
<testng-results ignored="0" total="3" passed="2" failed="1" skipped="0">
  <reporter-output>
  </reporter-output>
  <suite started-at="2022-11-25T09:49:37 IST" name="Default suite" finished-at="2022-11-25T09:50:00 IST" duration-ms="23104">
    <groups>
    </groups>
    <test started-at="2022-11-25T09:49:37 IST" name="Default test" finished-at="2022-11-25T09:50:00 IST" duration-ms="23104">
      <class name="com.automationframework.testngsession.OrangeHrmLoginTest">
        <test-method is-config="true" signature="properitesReader()[pri:0, instance:com.automationframework.testngsession.OrangeHrmLoginTest@56cdfb3b]" started-at="2022-11-25T09:49:37 IST" name="properitesReader" finished-at="2022-11-25T09:49:37 IST" duration-ms="17" status="PASS">
          <reporter-output>
          </reporter-output>
        </test-method> <!-- properitesReader -->
        <test-method is-config="true" signature="setUp()[pri:0, instance:com.automationframework.testngsession.OrangeHrmLoginTest@56cdfb3b]" started-at="2022-11-25T09:49:37 IST" name="setUp" finished-at="2022-11-25T09:49:40 IST" duration-ms="3285" status="PASS">
          <reporter-output>
          </reporter-output>
        </test-method> <!-- setUp -->
        <test-method is-config="true" signature="launchUrl()[pri:0, instance:com.automationframework.testngsession.OrangeHrmLoginTest@56cdfb3b]" started-at="2022-11-25T09:49:40 IST" name="launchUrl" finished-at="2022-11-25T09:49:43 IST" duration-ms="2600" status="PASS">
          <reporter-output>
          </reporter-output>
        </test-method> <!-- launchUrl -->
        <test-method is-config="true" signature="loginOrangeHrm()[pri:0, instance:com.automationframework.testngsession.OrangeHrmLoginTest@56cdfb3b]" started-at="2022-11-25T09:49:43 IST" name="loginOrangeHrm" finished-at="2022-11-25T09:49:43 IST" duration-ms="622" status="PASS">
          <reporter-output>
          </reporter-output>
        </test-method> <!-- loginOrangeHrm -->
        <test-method signature="assignLeave()[pri:1, instance:com.automationframework.testngsession.OrangeHrmLoginTest@56cdfb3b]" started-at="2022-11-25T09:49:43 IST" name="assignLeave" finished-at="2022-11-25T09:49:49 IST" duration-ms="5424" status="FAIL">
          <exception class="java.lang.AssertionError">
            <message>
              <![CDATA[expected [https://opensource-demo.orangehrmlive.com/web/index.php/leave/assignLeave] but found [https://opensource-demo.orangehrmlive.com/web/index.php/leave/assign]]]>
            </message>
            <full-stacktrace>
              <![CDATA[java.lang.AssertionError: expected [https://opensource-demo.orangehrmlive.com/web/index.php/leave/assignLeave] but found [https://opensource-demo.orangehrmlive.com/web/index.php/leave/assign]
at org.testng.Assert.fail(Assert.java:99)
at org.testng.Assert.failNotEquals(Assert.java:1037)
at org.testng.Assert.assertEqualsImpl(Assert.java:140)
at org.testng.Assert.assertEquals(Assert.java:122)
at org.testng.Assert.assertEquals(Assert.java:629)
at org.testng.Assert.assertEquals(Assert.java:639)
at com.automationframework.testngsession.OrangeHrmLoginTest.assignLeave(OrangeHrmLoginTest.java:88)
at java.base/jdk.internal.reflect.NativeMethodAccessorImpl.invoke0(Native Method)
at java.base/jdk.internal.reflect.NativeMethodAccessorImpl.invoke(NativeMethodAccessorImpl.java:77)
at java.base/jdk.internal.reflect.DelegatingMethodAccessorImpl.invoke(DelegatingMethodAccessorImpl.java:43)
at java.base/java.lang.reflect.Method.invoke(Method.java:568)
at org.testng.internal.MethodInvocationHelper.invokeMethod(MethodInvocationHelper.java:133)
at org.testng.internal.TestInvoker.invokeMethod(TestInvoker.java:598)
at org.testng.internal.TestInvoker.invokeTestMethod(TestInvoker.java:173)
at org.testng.internal.MethodRunner.runInSequence(MethodRunner.java:46)
at org.testng.internal.TestInvoker$MethodInvocationAgent.invoke(TestInvoker.java:824)
at org.testng.internal.TestInvoker.invokeTestMethods(TestInvoker.java:146)
at org.testng.internal.TestMethodWorker.invokeTestMethods(TestMethodWorker.java:146)
at org.testng.internal.TestMethodWorker.run(TestMethodWorker.java:128)
at java.base/java.util.ArrayList.forEach(ArrayList.java:1511)
at org.testng.TestRunner.privateRun(TestRunner.java:794)
at org.testng.TestRunner.run(TestRunner.java:596)
at org.testng.SuiteRunner.runTest(SuiteRunner.java:377)
at org.testng.SuiteRunner.runSequentially(SuiteRunner.java:371)
at org.testng.SuiteRunner.privateRun(SuiteRunner.java:332)
at org.testng.SuiteRunner.run(SuiteRunner.java:276)
at org.testng.SuiteRunnerWorker.runSuite(SuiteRunnerWorker.java:53)
at org.testng.SuiteRunnerWorker.run(SuiteRunnerWorker.java:96)
at org.testng.TestNG.runSuitesSequentially(TestNG.java:1212)
at org.testng.TestNG.runSuitesLocally(TestNG.java:1134)
at org.testng.TestNG.runSuites(TestNG.java:1063)
at org.testng.TestNG.run(TestNG.java:1031)
at org.testng.remote.AbstractRemoteTestNG.run(AbstractRemoteTestNG.java:115)
at org.testng.remote.RemoteTestNG.initAndRun(RemoteTestNG.java:251)
at org.testng.remote.RemoteTestNG.main(RemoteTestNG.java:77)
]]>
            </full-stacktrace>
          </exception> <!-- java.lang.AssertionError -->
          <reporter-output>
          </reporter-output>
        </test-method> <!-- assignLeave -->
        <test-method is-config="true" signature="captureFailedCase(org.testng.ITestResult)[pri:0, instance:com.automationframework.testngsession.OrangeHrmLoginTest@56cdfb3b]" started-at="2022-11-25T09:49:49 IST" name="captureFailedCase" finished-at="2022-11-25T09:49:49 IST" duration-ms="199" status="PASS">
          <params>
            <param index="0">
              <value>
                <![CDATA[[TestResult name=assignLeave status=FAILURE method=OrangeHrmLoginTest.assignLeave()[pri:1, instance:com.automationframework.testngsession.OrangeHrmLoginTest@56cdfb3b] output={null}]]]>
              </value>
            </param>
          </params>
          <reporter-output>
          </reporter-output>
        </test-method> <!-- captureFailedCase -->
        <test-method is-config="true" signature="logOut()[pri:0, instance:com.automationframework.testngsession.OrangeHrmLoginTest@56cdfb3b]" started-at="2022-11-25T09:49:49 IST" name="logOut" finished-at="2022-11-25T09:49:50 IST" duration-ms="790" status="PASS">
          <reporter-output>
          </reporter-output>
        </test-method> <!-- logOut -->
        <test-method is-config="true" signature="loginOrangeHrm()[pri:0, instance:com.automationframework.testngsession.OrangeHrmLoginTest@56cdfb3b]" started-at="2022-11-25T09:49:50 IST" name="loginOrangeHrm" finished-at="2022-11-25T09:49:50 IST" duration-ms="517" status="PASS">
          <reporter-output>
          </reporter-output>
        </test-method> <!-- loginOrangeHrm -->
        <test-method signature="adminNavigate()[pri:2, instance:com.automationframework.testngsession.OrangeHrmLoginTest@56cdfb3b]" started-at="2022-11-25T09:49:50 IST" name="adminNavigate" finished-at="2022-11-25T09:49:53 IST" duration-ms="2970" status="PASS">
          <reporter-output>
          </reporter-output>
        </test-method> <!-- adminNavigate -->
        <test-method is-config="true" signature="logOut()[pri:0, instance:com.automationframework.testngsession.OrangeHrmLoginTest@56cdfb3b]" started-at="2022-11-25T09:49:53 IST" name="logOut" finished-at="2022-11-25T09:49:54 IST" duration-ms="832" status="PASS">
          <reporter-output>
          </reporter-output>
        </test-method> <!-- logOut -->
        <test-method is-config="true" signature="captureFailedCase(org.testng.ITestResult)[pri:0, instance:com.automationframework.testngsession.OrangeHrmLoginTest@56cdfb3b]" started-at="2022-11-25T09:49:53 IST" name="captureFailedCase" finished-at="2022-11-25T09:49:53 IST" duration-ms="0" status="PASS">
          <params>
            <param index="0">
              <value>
                <![CDATA[[TestResult name=adminNavigate status=SUCCESS method=OrangeHrmLoginTest.adminNavigate()[pri:2, instance:com.automationframework.testngsession.OrangeHrmLoginTest@56cdfb3b] output={null}]]]>
              </value>
            </param>
          </params>
          <reporter-output>
          </reporter-output>
        </test-method> <!-- captureFailedCase -->
        <test-method is-config="true" signature="loginOrangeHrm()[pri:0, instance:com.automationframework.testngsession.OrangeHrmLoginTest@56cdfb3b]" started-at="2022-11-25T09:49:54 IST" name="loginOrangeHrm" finished-at="2022-11-25T09:49:55 IST" duration-ms="552" status="PASS">
          <reporter-output>
          </reporter-output>
        </test-method> <!-- loginOrangeHrm -->
        <test-method signature="myInformation()[pri:3, instance:com.automationframework.testngsession.OrangeHrmLoginTest@56cdfb3b]" started-at="2022-11-25T09:49:55 IST" name="myInformation" finished-at="2022-11-25T09:49:58 IST" duration-ms="3228" status="PASS">
          <reporter-output>
          </reporter-output>
        </test-method> <!-- myInformation -->
        <test-method is-config="true" signature="logOut()[pri:0, instance:com.automationframework.testngsession.OrangeHrmLoginTest@56cdfb3b]" started-at="2022-11-25T09:49:58 IST" name="logOut" finished-at="2022-11-25T09:50:00 IST" duration-ms="1703" status="PASS">
          <reporter-output>
          </reporter-output>
        </test-method> <!-- logOut -->
        <test-method is-config="true" signature="captureFailedCase(org.testng.ITestResult)[pri:0, instance:com.automationframework.testngsession.OrangeHrmLoginTest@56cdfb3b]" started-at="2022-11-25T09:49:58 IST" name="captureFailedCase" finished-at="2022-11-25T09:49:58 IST" duration-ms="0" status="PASS">
          <params>
            <param index="0">
              <value>
                <![CDATA[[TestResult name=myInformation status=SUCCESS method=OrangeHrmLoginTest.myInformation()[pri:3, instance:com.automationframework.testngsession.OrangeHrmLoginTest@56cdfb3b] output={null}]]]>
              </value>
            </param>
          </params>
          <reporter-output>
          </reporter-output>
        </test-method> <!-- captureFailedCase -->
        <test-method is-config="true" signature="closeBrowser()[pri:0, instance:com.automationframework.testngsession.OrangeHrmLoginTest@56cdfb3b]" started-at="2022-11-25T09:50:00 IST" name="closeBrowser" finished-at="2022-11-25T09:50:00 IST" duration-ms="327" status="PASS">
          <reporter-output>
          </reporter-output>
        </test-method> <!-- closeBrowser -->
        <test-method is-config="true" signature="reportGenearte()[pri:0, instance:com.automationframework.testngsession.OrangeHrmLoginTest@56cdfb3b]" started-at="2022-11-25T09:50:00 IST" name="reportGenearte" finished-at="2022-11-25T09:50:00 IST" duration-ms="0" status="PASS">
          <reporter-output>
          </reporter-output>
        </test-method> <!-- reportGenearte -->
      </class> <!-- com.automationframework.testngsession.OrangeHrmLoginTest -->
    </test> <!-- Default test -->
  </suite> <!-- Default suite -->
</testng-results>
